Copyright 1986-2016 Xilinx, Inc. All Rights Reserved.
-----------------------------------------------------------------------------------------
| Tool Version : Vivado v.2016.1 (win64) Build 1538259 Fri Apr  8 15:45:27 MDT 2016
| Date         : Fri Nov 18 14:36:38 2022
| Host         : fox-15 running 64-bit major release  (build 9200)
| Command      : report_drc -file stop_watch_drc_routed.rpt -pb stop_watch_drc_routed.pb
| Design       : stop_watch
| Device       : xc7a100tcsg324-1
| Speed File   : -1
-----------------------------------------------------------------------------------------

Report DRC

Table of Contents
-----------------
1. REPORT SUMMARY
2. REPORT DETAILS

1. REPORT SUMMARY
-----------------
            Netlist: netlist
          Floorplan: design_1
      Design limits: <entire design considered>
           Ruledeck: default
             Max violations: <unlimited>
             Violations found: 0

2. REPORT DETAILS
-----------------

